frontend/SzivarClubApp/android/app/build/intermediates/manifest_merge_blame_file/debug/processDebugMainManifest/manifest-merger-blame-debug-report.txt
1<?xml version="1.0" encoding="utf-8"?>
2<manifest xmlns:android="http://schemas.android.com/apk/res/android"
3    package="io.ionic.starter"
4    android:versionCode="1"
5    android:versionName="1.0" >
6
7    <uses-sdk
8        android:minSdkVersion="23"
9        android:targetSdkVersion="35" />
10
11    <!-- Permissions -->
12
13    <uses-permission android:name="android.permission.INTERNET" />
13-->src/main/AndroidManifest.xml:40:5-67
13-->src/main/AndroidManifest.xml:40:22-64
14    <uses-permission android:name="android.permission.VIBRATE" />
14-->[:capacitor-haptics] AndroidManifest.xml:7:5-66
14-->[:capacitor-haptics] AndroidManifest.xml:7:22-63
15
16    <permission
16-->[androidx.core:core:1.15.0] AndroidManifest.xml:22:5-24:47
17        android:name="io.ionic.starter.DYNAMIC_RECEIVER_NOT_EXPORTED_PERMISSION"
17-->[androidx.core:core:1.15.0] AndroidManifest.xml:23:9-81
18        android:protectionLevel="signature" />
18-->[androidx.core:core:1.15.0] AndroidManifest.xml:24:9-44
19
20    <uses-permission android:name="io.ionic.starter.DYNAMIC_RECEIVER_NOT_EXPORTED_PERMISSION" />
20-->[androidx.core:core:1.15.0] AndroidManifest.xml:26:5-97
20-->[androidx.core:core:1.15.0] AndroidManifest.xml:26:22-94
21
22    <application
22-->src/main/AndroidManifest.xml:4:5-36:19
23        android:allowBackup="true"
23-->src/main/AndroidManifest.xml:5:9-35
24        android:appComponentFactory="androidx.core.app.CoreComponentFactory"
24-->[androidx.core:core:1.15.0] AndroidManifest.xml:28:18-86
25        android:debuggable="true"
26        android:extractNativeLibs="false"
27        android:icon="@mipmap/ic_launcher"
27-->src/main/AndroidManifest.xml:6:9-43
28        android:label="@string/app_name"
28-->src/main/AndroidManifest.xml:7:9-41
29        android:roundIcon="@mipmap/ic_launcher_round"
29-->src/main/AndroidManifest.xml:8:9-54
30        android:supportsRtl="true"
30-->src/main/AndroidManifest.xml:9:9-35
31        android:theme="@style/AppTheme" >
31-->src/main/AndroidManifest.xml:10:9-40
32        <activity
32-->src/main/AndroidManifest.xml:12:9-25:20
33            android:name="io.ionic.starter.MainActivity"
33-->src/main/AndroidManifest.xml:14:13-41
34            android:configChanges="orientation|keyboardHidden|keyboard|screenSize|locale|smallestScreenSize|screenLayout|uiMode|navigation"
34-->src/main/AndroidManifest.xml:13:13-140
35            android:exported="true"
35-->src/main/AndroidManifest.xml:18:13-36
36            android:label="@string/title_activity_main"
36-->src/main/AndroidManifest.xml:15:13-56
37            android:launchMode="singleTask"
37-->src/main/AndroidManifest.xml:17:13-44
38            android:theme="@style/AppTheme.NoActionBarLaunch" >
38-->src/main/AndroidManifest.xml:16:13-62
39            <intent-filter>
39-->src/main/AndroidManifest.xml:20:13-23:29
40                <action android:name="android.intent.action.MAIN" />
40-->src/main/AndroidManifest.xml:21:17-69
40-->src/main/AndroidManifest.xml:21:25-66
41
42                <category android:name="android.intent.category.LAUNCHER" />
42-->src/main/AndroidManifest.xml:22:17-77
42-->src/main/AndroidManifest.xml:22:27-74
43            </intent-filter>
44        </activity>
45
46        <provider
47            android:name="androidx.core.content.FileProvider"
47-->src/main/AndroidManifest.xml:28:13-62
48            android:authorities="io.ionic.starter.fileprovider"
48-->src/main/AndroidManifest.xml:29:13-64
49            android:exported="false"
49-->src/main/AndroidManifest.xml:30:13-37
50            android:grantUriPermissions="true" >
50-->src/main/AndroidManifest.xml:31:13-47
51            <meta-data
51-->src/main/AndroidManifest.xml:32:13-34:64
52                android:name="android.support.FILE_PROVIDER_PATHS"
52-->src/main/AndroidManifest.xml:33:17-67
53                android:resource="@xml/file_paths" />
53-->src/main/AndroidManifest.xml:34:17-51
54        </provider>
55
56        <activity
56-->[com.google.android.gms:play-services-base:18.5.0] AndroidManifest.xml:5:9-173
57            android:name="com.google.android.gms.common.api.GoogleApiActivity"
57-->[com.google.android.gms:play-services-base:18.5.0] AndroidManifest.xml:5:19-85
58            android:exported="false"
58-->[com.google.android.gms:play-services-base:18.5.0] AndroidManifest.xml:5:146-170
59            android:theme="@android:style/Theme.Translucent.NoTitleBar" />
59-->[com.google.android.gms:play-services-base:18.5.0] AndroidManifest.xml:5:86-145
60
61        <provider
61-->[androidx.emoji2:emoji2:1.3.0] AndroidManifest.xml:24:9-32:20
62            android:name="androidx.startup.InitializationProvider"
62-->[androidx.emoji2:emoji2:1.3.0] AndroidManifest.xml:25:13-67
63            android:authorities="io.ionic.starter.androidx-startup"
63-->[androidx.emoji2:emoji2:1.3.0] AndroidManifest.xml:26:13-68
64            android:exported="false" >
64-->[androidx.emoji2:emoji2:1.3.0] AndroidManifest.xml:27:13-37
65            <meta-data
65-->[androidx.emoji2:emoji2:1.3.0] AndroidManifest.xml:29:13-31:52
66                android:name="androidx.emoji2.text.EmojiCompatInitializer"
66-->[androidx.emoji2:emoji2:1.3.0] AndroidManifest.xml:30:17-75
67                android:value="androidx.startup" />
67-->[androidx.emoji2:emoji2:1.3.0] AndroidManifest.xml:31:17-49
68            <meta-data
68-->[androidx.lifecycle:lifecycle-process:2.6.2] AndroidManifest.xml:29:13-31:52
69                android:name="androidx.lifecycle.ProcessLifecycleInitializer"
69-->[androidx.lifecycle:lifecycle-process:2.6.2] AndroidManifest.xml:30:17-78
70                android:value="androidx.startup" />
70-->[androidx.lifecycle:lifecycle-process:2.6.2] AndroidManifest.xml:31:17-49
71            <meta-data
71-->[androidx.profileinstaller:profileinstaller:1.3.1] AndroidManifest.xml:29:13-31:52
72                android:name="androidx.profileinstaller.ProfileInstallerInitializer"
72-->[androidx.profileinstaller:profileinstaller:1.3.1] AndroidManifest.xml:30:17-85
73                android:value="androidx.startup" />
73-->[androidx.profileinstaller:profileinstaller:1.3.1] AndroidManifest.xml:31:17-49
74        </provider>
75
76        <meta-data
76-->[com.google.android.gms:play-services-basement:18.4.0] AndroidManifest.xml:6:9-122
77            android:name="com.google.android.gms.version"
77-->[com.google.android.gms:play-services-basement:18.4.0] AndroidManifest.xml:6:20-65
78            android:value="@integer/google_play_services_version" />
78-->[com.google.android.gms:play-services-basement:18.4.0] AndroidManifest.xml:6:66-119
79
80        <receiver
80-->[androidx.profileinstaller:profileinstaller:1.3.1] AndroidManifest.xml:34:9-52:20
81            android:name="androidx.profileinstaller.ProfileInstallReceiver"
81-->[androidx.profileinstaller:profileinstaller:1.3.1] AndroidManifest.xml:35:13-76
82            android:directBootAware="false"
82-->[androidx.profileinstaller:profileinstaller:1.3.1] AndroidManifest.xml:36:13-44
83            android:enabled="true"
83-->[androidx.profileinstaller:profileinstaller:1.3.1] AndroidManifest.xml:37:13-35
84            android:exported="true"
84-->[androidx.profileinstaller:profileinstaller:1.3.1] AndroidManifest.xml:38:13-36
85            android:permission="android.permission.DUMP" >
85-->[androidx.profileinstaller:profileinstaller:1.3.1] AndroidManifest.xml:39:13-57
86            <intent-filter>
86-->[androidx.profileinstaller:profileinstaller:1.3.1] AndroidManifest.xml:40:13-42:29
87                <action android:name="androidx.profileinstaller.action.INSTALL_PROFILE" />
87-->[androidx.profileinstaller:profileinstaller:1.3.1] AndroidManifest.xml:41:17-91
87-->[androidx.profileinstaller:profileinstaller:1.3.1] AndroidManifest.xml:41:25-88
88            </intent-filter>
89            <intent-filter>
89-->[androidx.profileinstaller:profileinstaller:1.3.1] AndroidManifest.xml:43:13-45:29
90                <action android:name="androidx.profileinstaller.action.SKIP_FILE" />
90-->[androidx.profileinstaller:profileinstaller:1.3.1] AndroidManifest.xml:44:17-85
90-->[androidx.profileinstaller:profileinstaller:1.3.1] AndroidManifest.xml:44:25-82
91            </intent-filter>
92            <intent-filter>
92-->[androidx.profileinstaller:profileinstaller:1.3.1] AndroidManifest.xml:46:13-48:29
93                <action android:name="androidx.profileinstaller.action.SAVE_PROFILE" />
93-->[androidx.profileinstaller:profileinstaller:1.3.1] AndroidManifest.xml:47:17-88
93-->[androidx.profileinstaller:profileinstaller:1.3.1] AndroidManifest.xml:47:25-85
94            </intent-filter>
95            <intent-filter>
95-->[androidx.profileinstaller:profileinstaller:1.3.1] AndroidManifest.xml:49:13-51:29
96                <action android:name="androidx.profileinstaller.action.BENCHMARK_OPERATION" />
96-->[androidx.profileinstaller:profileinstaller:1.3.1] AndroidManifest.xml:50:17-95
96-->[androidx.profileinstaller:profileinstaller:1.3.1] AndroidManifest.xml:50:25-92
97            </intent-filter>
98        </receiver>
99    </application>
100
101</manifest>